Collecting pandas
  Downloading pandas-2.3.2-cp39-cp39-manylinux_2_17_x86_64.manylinux2014_x86_64.whl (12.4 MB)
Collecting biopython
  Downloading biopython-1.85-cp39-cp39-manylinux_2_17_x86_64.manylinux2014_x86_64.whl (3.2 MB)
Collecting pytz>=2020.1
  Downloading pytz-2025.2-py2.py3-none-any.whl (509 kB)
Requirement already satisfied: numpy>=1.22.4 in /usr/local/lib/python3.9/site-packages (from pandas) (2.0.2)
Collecting tzdata>=2022.7
  Downloading tzdata-2025.2-py2.py3-none-any.whl (347 kB)
Collecting python-dateutil>=2.8.2
  Downloading python_dateutil-2.9.0.post0-py2.py3-none-any.whl (229 kB)
Collecting six>=1.5
  Downloading six-1.17.0-py2.py3-none-any.whl (11 kB)
Installing collected packages: six, tzdata, pytz, python-dateutil, pandas, biopython
Successfully installed biopython-1.85 pandas-2.3.2 python-dateutil-2.9.0.post0 pytz-2025.2 six-1.17.0 tzdata-2025.2
Processed cluster cluster_2: 0 SNPs
Processed cluster cluster_0: 0 SNPs
Processed cluster cluster_5: 0 SNPs
Processed cluster cluster_6: 0 SNPs
Processed cluster cluster_1: 0 SNPs
Processed cluster cluster_3: 0 SNPs
Processed cluster cluster_4: 0 SNPs
Integration complete: 0 samples, 0 total SNP positions
