Input file contents:
IP-0131	IP-0131.fasta
IP-0132	IP-0132.fasta
IP-0133	IP-0133.fasta
IP-0134	IP-0134.fasta
IP-0135	IP-0135.fasta
IP-0136	IP-0136.fasta
IP-0137	IP-0137.fasta
IP-0138	IP-0138.fasta
IP-0139	IP-0139.fasta
IP-0140	IP-0140.fasta
IP-0141	IP-0141.fasta
IP-0142	IP-0142.fasta
IP-0143	IP-0143.fasta
IP-0144	IP-0144.fasta
IP-0145	IP-0145.fasta
IP-0146	IP-0146.fasta
IP-0147	IP-0147.fasta
IP-0148	IP-0148.fasta
IP-0149	IP-0149.fasta
IP-0150	IP-0150.fasta
IP-0151	IP-0151.fasta
IP-0152	IP-0152.fasta
IP-0153	IP-0153.fasta
IP-0154	IP-0154.fasta
IP-0155	IP-0155.fasta
IP-0156	IP-0156.fasta
IP-0157	IP-0157.fasta
IP-0158	IP-0158.fasta
IP-0159	IP-0159.fasta
IP-0160	IP-0160.fasta
IP-0161	IP-0161.fasta
IP-0162	IP-0162.fasta
IP-0163	IP-0163.fasta
IP-0164	IP-0164.fasta
IP-0165	IP-0165.fasta
IP-0166	IP-0166.fasta
IP-0167	IP-0167.fasta
IP-0168	IP-0168.fasta
IP-0169	IP-0169.fasta
IP-0170	IP-0170.fasta
IP-0171	IP-0171.fasta
IP-0172	IP-0172.fasta
IP-0173	IP-0173.fasta
IP-0174	IP-0174.fasta
IP-0175	IP-0175.fasta
IP-0176	IP-0176.fasta
IP-0177	IP-0177.fasta
IP-0178	IP-0178.fasta
IP-0179	IP-0179.fasta
IP-0180	IP-0180.fasta
Checking file existence:
Found: IP-0131.fasta
Found: IP-0132.fasta
Found: IP-0133.fasta
Found: IP-0134.fasta
Found: IP-0135.fasta
Found: IP-0136.fasta
Found: IP-0137.fasta
Found: IP-0138.fasta
Found: IP-0139.fasta
Found: IP-0140.fasta
Found: IP-0141.fasta
Found: IP-0142.fasta
Found: IP-0143.fasta
Found: IP-0144.fasta
Found: IP-0145.fasta
Found: IP-0146.fasta
Found: IP-0147.fasta
Found: IP-0148.fasta
Found: IP-0149.fasta
Found: IP-0150.fasta
Found: IP-0151.fasta
Found: IP-0152.fasta
Found: IP-0153.fasta
Found: IP-0154.fasta
Found: IP-0155.fasta
Found: IP-0156.fasta
Found: IP-0157.fasta
Found: IP-0158.fasta
Found: IP-0159.fasta
Found: IP-0160.fasta
Found: IP-0161.fasta
Found: IP-0162.fasta
Found: IP-0163.fasta
Found: IP-0164.fasta
Found: IP-0165.fasta
Found: IP-0166.fasta
Found: IP-0167.fasta
Found: IP-0168.fasta
Found: IP-0169.fasta
Found: IP-0170.fasta
Found: IP-0171.fasta
Found: IP-0172.fasta
Found: IP-0173.fasta
Found: IP-0174.fasta
Found: IP-0175.fasta
Found: IP-0176.fasta
Found: IP-0177.fasta
Found: IP-0178.fasta
Found: IP-0179.fasta
Found: IP-0180.fasta
SKA: Split K-mer Analysis (the alignment-free aligner)
SKA done in 37s
⬛⬜⬛⬜⬛⬜⬛
⬜⬛⬜⬛⬜⬛⬜
/home/phemarajata/wf-assembly-snps-final/work/65/3d0ffb56f12e5f28fad503eea58e2c/.command.sh: line 86: warning: here-document at line 83 delimited by end-of-file (wanted `END_VERSIONS')
